<?xml version="1.0" encoding="UTF-8"?>
<coverage generated="1631944158561" clover="3.2.0">
  <project timestamp="1631944158562" name="All files">
    <metrics statements="53" coveredstatements="52" conditionals="46" coveredconditionals="41" methods="5" coveredmethods="5" elements="104" coveredelements="98" complexity="0" loc="53" ncloc="53" packages="1" files="1" classes="1"/>
    <file name="parse.js" path="C:\Users\Laboratoria\Documents\GitHub\REG003-roman-numerals\src\parse.js">
      <metrics statements="53" coveredstatements="52" conditionals="46" coveredconditionals="41" methods="5" coveredmethods="5"/>
      <line num="1" count="1" type="stmt"/>
      <line num="2" count="80" type="cond" truecount="7" falsecount="1"/>
      <line num="3" count="33" type="stmt"/>
      <line num="4" count="11" type="stmt"/>
      <line num="5" count="13" type="stmt"/>
      <line num="6" count="5" type="stmt"/>
      <line num="7" count="6" type="stmt"/>
      <line num="8" count="2" type="stmt"/>
      <line num="9" count="10" type="stmt"/>
      <line num="10" count="0" type="stmt"/>
      <line num="14" count="1" type="stmt"/>
      <line num="15" count="19" type="stmt"/>
      <line num="16" count="19" type="stmt"/>
      <line num="17" count="19" type="stmt"/>
      <line num="18" count="64" type="cond" truecount="2" falsecount="0"/>
      <line num="20" count="19" type="stmt"/>
      <line num="21" count="19" type="stmt"/>
      <line num="22" count="19" type="stmt"/>
      <line num="23" count="38" type="stmt"/>
      <line num="25" count="38" type="cond" truecount="8" falsecount="0"/>
      <line num="26" count="13" type="cond" truecount="2" falsecount="0"/>
      <line num="27" count="7" type="cond" truecount="1" falsecount="1"/>
      <line num="28" count="7" type="cond" truecount="1" falsecount="1"/>
      <line num="29" count="3" type="cond" truecount="2" falsecount="0"/>
      <line num="30" count="2" type="cond" truecount="1" falsecount="1"/>
      <line num="31" count="1" type="cond" truecount="1" falsecount="1"/>
      <line num="32" count="4" type="cond" truecount="2" falsecount="0"/>
      <line num="33" count="1" type="stmt"/>
      <line num="38" count="1" type="stmt"/>
      <line num="39" count="22" type="cond" truecount="2" falsecount="0"/>
      <line num="40" count="3" type="stmt"/>
      <line num="43" count="19" type="stmt"/>
      <line num="45" count="15" type="stmt"/>
      <line num="49" count="15" type="stmt"/>
      <line num="50" count="32" type="stmt"/>
      <line num="51" count="32" type="stmt"/>
      <line num="52" count="32" type="cond" truecount="2" falsecount="0"/>
      <line num="53" count="23" type="stmt"/>
      <line num="55" count="9" type="stmt"/>
      <line num="58" count="15" type="stmt"/>
      <line num="61" count="1" type="stmt"/>
      <line num="62" count="18" type="cond" truecount="4" falsecount="0"/>
      <line num="63" count="2" type="stmt"/>
      <line num="64" count="16" type="cond" truecount="4" falsecount="0"/>
      <line num="65" count="2" type="stmt"/>
      <line num="68" count="14" type="stmt"/>
      <line num="70" count="14" type="stmt"/>
      <line num="71" count="14" type="stmt"/>
      <line num="72" count="14" type="stmt"/>
      <line num="74" count="14" type="stmt"/>
      <line num="75" count="42" type="cond" truecount="2" falsecount="0"/>
      <line num="77" count="14" type="stmt"/>
      <line num="80" count="1" type="stmt"/>
    </file>
  </project>
</coverage>
