<?xml version="1.0" encoding="UTF-8"?>
<coverage generated="1632152070168" clover="3.2.0">
  <project timestamp="1632152070169" name="All files">
    <metrics statements="65" coveredstatements="65" conditionals="53" coveredconditionals="49" methods="8" coveredmethods="8" elements="126" coveredelements="122" complexity="0" loc="65" ncloc="65" packages="1" files="1" classes="1"/>
    <file name="numberRoman.js" path="C:\Users\Laboratoria\Documents\GitHub\REG003-roman-numerals\src\numberRoman.js">
      <metrics statements="65" coveredstatements="65" conditionals="53" coveredconditionals="49" methods="8" coveredmethods="8"/>
      <line num="1" count="1" type="stmt"/>
      <line num="2" count="96" type="cond" truecount="8" falsecount="0"/>
      <line num="3" count="34" type="stmt"/>
      <line num="4" count="12" type="stmt"/>
      <line num="5" count="14" type="stmt"/>
      <line num="6" count="4" type="stmt"/>
      <line num="7" count="7" type="stmt"/>
      <line num="8" count="3" type="stmt"/>
      <line num="9" count="11" type="stmt"/>
      <line num="10" count="11" type="stmt"/>
      <line num="14" count="1" type="stmt"/>
      <line num="15" count="18" type="stmt"/>
      <line num="16" count="18" type="stmt"/>
      <line num="17" count="18" type="stmt"/>
      <line num="18" count="58" type="cond" truecount="2" falsecount="0"/>
      <line num="20" count="18" type="stmt"/>
      <line num="21" count="18" type="stmt"/>
      <line num="22" count="18" type="stmt"/>
      <line num="23" count="35" type="stmt"/>
      <line num="24" count="35" type="stmt"/>
      <line num="25" count="35" type="stmt"/>
      <line num="26" count="35" type="cond" truecount="8" falsecount="0"/>
      <line num="27" count="12" type="cond" truecount="2" falsecount="0"/>
      <line num="28" count="7" type="cond" truecount="1" falsecount="1"/>
      <line num="29" count="6" type="cond" truecount="1" falsecount="1"/>
      <line num="30" count="2" type="cond" truecount="2" falsecount="0"/>
      <line num="31" count="2" type="cond" truecount="1" falsecount="1"/>
      <line num="32" count="1" type="cond" truecount="1" falsecount="1"/>
      <line num="33" count="4" type="cond" truecount="2" falsecount="0"/>
      <line num="34" count="1" type="stmt"/>
      <line num="39" count="1" type="stmt"/>
      <line num="40" count="19" type="stmt"/>
      <line num="41" count="228" type="stmt"/>
      <line num="42" count="218" type="stmt"/>
      <line num="43" count="19" type="stmt"/>
      <line num="47" count="1" type="stmt"/>
      <line num="48" count="22" type="cond" truecount="2" falsecount="0"/>
      <line num="49" count="19" type="cond" truecount="2" falsecount="0"/>
      <line num="50" count="1" type="stmt"/>
      <line num="52" count="18" type="stmt"/>
      <line num="54" count="14" type="stmt"/>
      <line num="59" count="14" type="stmt"/>
      <line num="60" count="27" type="stmt"/>
      <line num="61" count="27" type="stmt"/>
      <line num="62" count="27" type="stmt"/>
      <line num="64" count="27" type="cond" truecount="2" falsecount="0"/>
      <line num="74" count="19" type="stmt"/>
      <line num="76" count="8" type="stmt"/>
      <line num="77" count="8" type="cond" truecount="5" falsecount="0"/>
      <line num="78" count="1" type="stmt"/>
      <line num="80" count="7" type="stmt"/>
      <line num="83" count="13" type="stmt"/>
      <line num="86" count="1" type="stmt"/>
      <line num="87" count="18" type="cond" truecount="4" falsecount="0"/>
      <line num="88" count="2" type="stmt"/>
      <line num="89" count="16" type="cond" truecount="4" falsecount="0"/>
      <line num="90" count="2" type="stmt"/>
      <line num="93" count="14" type="stmt"/>
      <line num="95" count="14" type="stmt"/>
      <line num="96" count="14" type="stmt"/>
      <line num="97" count="14" type="stmt"/>
      <line num="99" count="14" type="stmt"/>
      <line num="100" count="42" type="cond" truecount="2" falsecount="0"/>
      <line num="102" count="14" type="stmt"/>
      <line num="105" count="1" type="stmt"/>
    </file>
  </project>
</coverage>
