{"C:\\Users\\Laboratoria\\Documents\\GitHub\\REG003-roman-numerals\\src\\api.js": {"path":"C:\\Users\\Laboratoria\\Documents\\GitHub\\REG003-roman-numerals\\src\\api.js","statementMap":{"0":{"start":{"line":1,"column":29},"end":{"line":12,"column":1}},"1":{"start":{"line":2,"column":4},"end":{"line":11,"column":5}},"2":{"start":{"line":3,"column":19},"end":{"line":3,"column":28}},"3":{"start":{"line":4,"column":19},"end":{"line":4,"column":28}},"4":{"start":{"line":5,"column":19},"end":{"line":5,"column":29}},"5":{"start":{"line":6,"column":19},"end":{"line":6,"column":29}},"6":{"start":{"line":7,"column":19},"end":{"line":7,"column":30}},"7":{"start":{"line":8,"column":19},"end":{"line":8,"column":30}},"8":{"start":{"line":9,"column":19},"end":{"line":9,"column":31}},"9":{"start":{"line":10,"column":17},"end":{"line":10,"column":27}},"10":{"start":{"line":14,"column":20},"end":{"line":34,"column":1}},"11":{"start":{"line":15,"column":18},"end":{"line":15,"column":20}},"12":{"start":{"line":16,"column":4},"end":{"line":24,"column":5}},"13":{"start":{"line":17,"column":8},"end":{"line":23,"column":9}},"14":{"start":{"line":18,"column":22},"end":{"line":18,"column":54}},"15":{"start":{"line":19,"column":12},"end":{"line":22,"column":13}},"16":{"start":{"line":20,"column":16},"end":{"line":20,"column":34}},"17":{"start":{"line":21,"column":16},"end":{"line":21,"column":81}},"18":{"start":{"line":25,"column":23},"end":{"line":25,"column":37}},"19":{"start":{"line":26,"column":15},"end":{"line":26,"column":16}},"20":{"start":{"line":27,"column":4},"end":{"line":29,"column":5}},"21":{"start":{"line":27,"column":17},"end":{"line":27,"column":18}},"22":{"start":{"line":28,"column":8},"end":{"line":28,"column":63}},"23":{"start":{"line":30,"column":4},"end":{"line":32,"column":5}},"24":{"start":{"line":31,"column":8},"end":{"line":31,"column":20}},"25":{"start":{"line":33,"column":4},"end":{"line":33,"column":17}},"26":{"start":{"line":36,"column":23},"end":{"line":58,"column":1}},"27":{"start":{"line":37,"column":23},"end":{"line":37,"column":33}},"28":{"start":{"line":38,"column":17},"end":{"line":38,"column":19}},"29":{"start":{"line":39,"column":4},"end":{"line":41,"column":7}},"30":{"start":{"line":40,"column":8},"end":{"line":40,"column":41}},"31":{"start":{"line":42,"column":14},"end":{"line":42,"column":33}},"32":{"start":{"line":43,"column":16},"end":{"line":43,"column":37}},"33":{"start":{"line":44,"column":4},"end":{"line":57,"column":5}},"34":{"start":{"line":44,"column":17},"end":{"line":44,"column":18}},"35":{"start":{"line":45,"column":21},"end":{"line":45,"column":61}},"36":{"start":{"line":46,"column":27},"end":{"line":46,"column":75}},"37":{"start":{"line":47,"column":8},"end":{"line":56,"column":9}},"38":{"start":{"line":48,"column":22},"end":{"line":48,"column":103}},"39":{"start":{"line":48,"column":61},"end":{"line":48,"column":102}},"40":{"start":{"line":48,"column":104},"end":{"line":48,"column":110}},"41":{"start":{"line":49,"column":22},"end":{"line":49,"column":124}},"42":{"start":{"line":49,"column":42},"end":{"line":49,"column":123}},"43":{"start":{"line":49,"column":125},"end":{"line":49,"column":131}},"44":{"start":{"line":50,"column":22},"end":{"line":50,"column":103}},"45":{"start":{"line":50,"column":61},"end":{"line":50,"column":102}},"46":{"start":{"line":50,"column":104},"end":{"line":50,"column":110}},"47":{"start":{"line":51,"column":22},"end":{"line":51,"column":124}},"48":{"start":{"line":51,"column":42},"end":{"line":51,"column":123}},"49":{"start":{"line":51,"column":125},"end":{"line":51,"column":131}},"50":{"start":{"line":52,"column":22},"end":{"line":52,"column":103}},"51":{"start":{"line":52,"column":61},"end":{"line":52,"column":102}},"52":{"start":{"line":52,"column":104},"end":{"line":52,"column":110}},"53":{"start":{"line":53,"column":22},"end":{"line":53,"column":124}},"54":{"start":{"line":53,"column":42},"end":{"line":53,"column":123}},"55":{"start":{"line":53,"column":125},"end":{"line":53,"column":131}},"56":{"start":{"line":54,"column":22},"end":{"line":54,"column":103}},"57":{"start":{"line":54,"column":61},"end":{"line":54,"column":102}},"58":{"start":{"line":54,"column":104},"end":{"line":54,"column":110}},"59":{"start":{"line":55,"column":21},"end":{"line":55,"column":66}},"60":{"start":{"line":60,"column":24},"end":{"line":65,"column":3}},"61":{"start":{"line":61,"column":21},"end":{"line":61,"column":99}},"62":{"start":{"line":62,"column":18},"end":{"line":62,"column":55}},"63":{"start":{"line":62,"column":38},"end":{"line":62,"column":54}},"64":{"start":{"line":63,"column":18},"end":{"line":63,"column":43}},"65":{"start":{"line":63,"column":37},"end":{"line":63,"column":42}},"66":{"start":{"line":64,"column":4},"end":{"line":64,"column":17}},"67":{"start":{"line":67,"column":14},"end":{"line":92,"column":1}},"68":{"start":{"line":68,"column":4},"end":{"line":68,"column":95}},"69":{"start":{"line":68,"column":59},"end":{"line":68,"column":95}},"70":{"start":{"line":69,"column":16},"end":{"line":69,"column":36}},"71":{"start":{"line":70,"column":4},"end":{"line":72,"column":7}},"72":{"start":{"line":71,"column":8},"end":{"line":71,"column":41}},"73":{"start":{"line":73,"column":4},"end":{"line":73,"column":25}},"74":{"start":{"line":75,"column":17},"end":{"line":75,"column":54}},"75":{"start":{"line":79,"column":4},"end":{"line":90,"column":5}},"76":{"start":{"line":79,"column":17},"end":{"line":79,"column":18}},"77":{"start":{"line":80,"column":8},"end":{"line":80,"column":56}},"78":{"start":{"line":81,"column":8},"end":{"line":81,"column":59}},"79":{"start":{"line":82,"column":8},"end":{"line":89,"column":9}},"80":{"start":{"line":83,"column":12},"end":{"line":83,"column":30}},"81":{"start":{"line":85,"column":12},"end":{"line":87,"column":13}},"82":{"start":{"line":86,"column":16},"end":{"line":86,"column":89}},"83":{"start":{"line":88,"column":12},"end":{"line":88,"column":53}},"84":{"start":{"line":91,"column":4},"end":{"line":91,"column":18}},"85":{"start":{"line":94,"column":18},"end":{"line":111,"column":1}},"86":{"start":{"line":95,"column":4},"end":{"line":99,"column":5}},"87":{"start":{"line":96,"column":8},"end":{"line":96,"column":44}},"88":{"start":{"line":97,"column":11},"end":{"line":99,"column":5}},"89":{"start":{"line":98,"column":8},"end":{"line":98,"column":44}},"90":{"start":{"line":101,"column":19},"end":{"line":101,"column":170}},"91":{"start":{"line":103,"column":18},"end":{"line":103,"column":42}},"92":{"start":{"line":104,"column":17},"end":{"line":104,"column":19}},"93":{"start":{"line":105,"column":12},"end":{"line":105,"column":13}},"94":{"start":{"line":107,"column":4},"end":{"line":109,"column":5}},"95":{"start":{"line":108,"column":8},"end":{"line":108,"column":68}},"96":{"start":{"line":110,"column":4},"end":{"line":110,"column":59}},"97":{"start":{"line":113,"column":0},"end":{"line":116,"column":1}}},"fnMap":{"0":{"name":"(anonymous_0)","decl":{"start":{"line":1,"column":29},"end":{"line":1,"column":30}},"loc":{"start":{"line":1,"column":40},"end":{"line":12,"column":1}},"line":1},"1":{"name":"(anonymous_1)","decl":{"start":{"line":14,"column":20},"end":{"line":14,"column":21}},"loc":{"start":{"line":14,"column":44},"end":{"line":34,"column":1}},"line":14},"2":{"name":"(anonymous_2)","decl":{"start":{"line":36,"column":23},"end":{"line":36,"column":24}},"loc":{"start":{"line":36,"column":34},"end":{"line":58,"column":1}},"line":36},"3":{"name":"(anonymous_3)","decl":{"start":{"line":39,"column":23},"end":{"line":39,"column":24}},"loc":{"start":{"line":39,"column":34},"end":{"line":41,"column":5}},"line":39},"4":{"name":"(anonymous_4)","decl":{"start":{"line":60,"column":24},"end":{"line":60,"column":25}},"loc":{"start":{"line":60,"column":35},"end":{"line":65,"column":3}},"line":60},"5":{"name":"(anonymous_5)","decl":{"start":{"line":62,"column":31},"end":{"line":62,"column":32}},"loc":{"start":{"line":62,"column":38},"end":{"line":62,"column":54}},"line":62},"6":{"name":"(anonymous_6)","decl":{"start":{"line":63,"column":30},"end":{"line":63,"column":31}},"loc":{"start":{"line":63,"column":37},"end":{"line":63,"column":42}},"line":63},"7":{"name":"(anonymous_7)","decl":{"start":{"line":67,"column":14},"end":{"line":67,"column":15}},"loc":{"start":{"line":67,"column":26},"end":{"line":92,"column":1}},"line":67},"8":{"name":"(anonymous_8)","decl":{"start":{"line":94,"column":18},"end":{"line":94,"column":19}},"loc":{"start":{"line":94,"column":30},"end":{"line":111,"column":1}},"line":94}},"branchMap":{"0":{"loc":{"start":{"line":2,"column":4},"end":{"line":11,"column":5}},"type":"switch","locations":[{"start":{"line":3,"column":8},"end":{"line":3,"column":28}},{"start":{"line":4,"column":8},"end":{"line":4,"column":28}},{"start":{"line":5,"column":8},"end":{"line":5,"column":29}},{"start":{"line":6,"column":8},"end":{"line":6,"column":29}},{"start":{"line":7,"column":8},"end":{"line":7,"column":30}},{"start":{"line":8,"column":8},"end":{"line":8,"column":30}},{"start":{"line":9,"column":8},"end":{"line":9,"column":31}},{"start":{"line":10,"column":8},"end":{"line":10,"column":27}}],"line":2},"1":{"loc":{"start":{"line":17,"column":8},"end":{"line":23,"column":9}},"type":"if","locations":[{"start":{"line":17,"column":8},"end":{"line":23,"column":9}},{"start":{"line":17,"column":8},"end":{"line":23,"column":9}}],"line":17},"2":{"loc":{"start":{"line":21,"column":23},"end":{"line":21,"column":79}},"type":"cond-expr","locations":[{"start":{"line":21,"column":33},"end":{"line":21,"column":74}},{"start":{"line":21,"column":77},"end":{"line":21,"column":79}}],"line":21},"3":{"loc":{"start":{"line":28,"column":8},"end":{"line":28,"column":62}},"type":"cond-expr","locations":[{"start":{"line":28,"column":47},"end":{"line":28,"column":54}},{"start":{"line":28,"column":58},"end":{"line":28,"column":62}}],"line":28},"4":{"loc":{"start":{"line":30,"column":4},"end":{"line":32,"column":5}},"type":"if","locations":[{"start":{"line":30,"column":4},"end":{"line":32,"column":5}},{"start":{"line":30,"column":4},"end":{"line":32,"column":5}}],"line":30},"5":{"loc":{"start":{"line":40,"column":21},"end":{"line":40,"column":35}},"type":"binary-expr","locations":[{"start":{"line":40,"column":21},"end":{"line":40,"column":30}},{"start":{"line":40,"column":34},"end":{"line":40,"column":35}}],"line":40},"6":{"loc":{"start":{"line":47,"column":8},"end":{"line":56,"column":9}},"type":"switch","locations":[{"start":{"line":48,"column":12},"end":{"line":48,"column":110}},{"start":{"line":49,"column":12},"end":{"line":49,"column":131}},{"start":{"line":50,"column":12},"end":{"line":50,"column":110}},{"start":{"line":51,"column":12},"end":{"line":51,"column":131}},{"start":{"line":52,"column":12},"end":{"line":52,"column":110}},{"start":{"line":53,"column":12},"end":{"line":53,"column":131}},{"start":{"line":54,"column":12},"end":{"line":54,"column":110}},{"start":{"line":55,"column":12},"end":{"line":55,"column":66}}],"line":47},"7":{"loc":{"start":{"line":48,"column":22},"end":{"line":48,"column":103}},"type":"if","locations":[{"start":{"line":48,"column":22},"end":{"line":48,"column":103}},{"start":{"line":48,"column":22},"end":{"line":48,"column":103}}],"line":48},"8":{"loc":{"start":{"line":49,"column":22},"end":{"line":49,"column":124}},"type":"if","locations":[{"start":{"line":49,"column":22},"end":{"line":49,"column":124}},{"start":{"line":49,"column":22},"end":{"line":49,"column":124}}],"line":49},"9":{"loc":{"start":{"line":50,"column":22},"end":{"line":50,"column":103}},"type":"if","locations":[{"start":{"line":50,"column":22},"end":{"line":50,"column":103}},{"start":{"line":50,"column":22},"end":{"line":50,"column":103}}],"line":50},"10":{"loc":{"start":{"line":51,"column":22},"end":{"line":51,"column":124}},"type":"if","locations":[{"start":{"line":51,"column":22},"end":{"line":51,"column":124}},{"start":{"line":51,"column":22},"end":{"line":51,"column":124}}],"line":51},"11":{"loc":{"start":{"line":52,"column":22},"end":{"line":52,"column":103}},"type":"if","locations":[{"start":{"line":52,"column":22},"end":{"line":52,"column":103}},{"start":{"line":52,"column":22},"end":{"line":52,"column":103}}],"line":52},"12":{"loc":{"start":{"line":53,"column":22},"end":{"line":53,"column":124}},"type":"if","locations":[{"start":{"line":53,"column":22},"end":{"line":53,"column":124}},{"start":{"line":53,"column":22},"end":{"line":53,"column":124}}],"line":53},"13":{"loc":{"start":{"line":54,"column":22},"end":{"line":54,"column":103}},"type":"if","locations":[{"start":{"line":54,"column":22},"end":{"line":54,"column":103}},{"start":{"line":54,"column":22},"end":{"line":54,"column":103}}],"line":54},"14":{"loc":{"start":{"line":68,"column":4},"end":{"line":68,"column":95}},"type":"if","locations":[{"start":{"line":68,"column":4},"end":{"line":68,"column":95}},{"start":{"line":68,"column":4},"end":{"line":68,"column":95}}],"line":68},"15":{"loc":{"start":{"line":68,"column":8},"end":{"line":68,"column":57}},"type":"binary-expr","locations":[{"start":{"line":68,"column":8},"end":{"line":68,"column":34}},{"start":{"line":68,"column":38},"end":{"line":68,"column":57}}],"line":68},"16":{"loc":{"start":{"line":70,"column":4},"end":{"line":72,"column":7}},"type":"if","locations":[{"start":{"line":70,"column":4},"end":{"line":72,"column":7}},{"start":{"line":70,"column":4},"end":{"line":72,"column":7}}],"line":70},"17":{"loc":{"start":{"line":82,"column":8},"end":{"line":89,"column":9}},"type":"if","locations":[{"start":{"line":82,"column":8},"end":{"line":89,"column":9}},{"start":{"line":82,"column":8},"end":{"line":89,"column":9}}],"line":82},"18":{"loc":{"start":{"line":85,"column":12},"end":{"line":87,"column":13}},"type":"if","locations":[{"start":{"line":85,"column":12},"end":{"line":87,"column":13}},{"start":{"line":85,"column":12},"end":{"line":87,"column":13}}],"line":85},"19":{"loc":{"start":{"line":85,"column":16},"end":{"line":85,"column":69}},"type":"binary-expr","locations":[{"start":{"line":85,"column":16},"end":{"line":85,"column":30}},{"start":{"line":85,"column":34},"end":{"line":85,"column":49}},{"start":{"line":85,"column":53},"end":{"line":85,"column":69}}],"line":85},"20":{"loc":{"start":{"line":95,"column":4},"end":{"line":99,"column":5}},"type":"if","locations":[{"start":{"line":95,"column":4},"end":{"line":99,"column":5}},{"start":{"line":95,"column":4},"end":{"line":99,"column":5}}],"line":95},"21":{"loc":{"start":{"line":95,"column":8},"end":{"line":95,"column":62}},"type":"binary-expr","locations":[{"start":{"line":95,"column":8},"end":{"line":95,"column":33}},{"start":{"line":95,"column":37},"end":{"line":95,"column":62}}],"line":95},"22":{"loc":{"start":{"line":97,"column":11},"end":{"line":99,"column":5}},"type":"if","locations":[{"start":{"line":97,"column":11},"end":{"line":99,"column":5}},{"start":{"line":97,"column":11},"end":{"line":99,"column":5}}],"line":97},"23":{"loc":{"start":{"line":97,"column":15},"end":{"line":97,"column":42}},"type":"binary-expr","locations":[{"start":{"line":97,"column":15},"end":{"line":97,"column":25}},{"start":{"line":97,"column":29},"end":{"line":97,"column":42}}],"line":97},"24":{"loc":{"start":{"line":108,"column":18},"end":{"line":108,"column":57}},"type":"binary-expr","locations":[{"start":{"line":108,"column":18},"end":{"line":108,"column":51}},{"start":{"line":108,"column":55},"end":{"line":108,"column":57}}],"line":108}},"s":{"0":1,"1":86,"2":29,"3":11,"4":13,"5":3,"6":10,"7":2,"8":18,"9":0,"10":1,"11":27,"12":27,"13":85,"14":5,"15":5,"16":20,"17":20,"18":27,"19":27,"20":27,"21":27,"22":15,"23":27,"24":1,"25":26,"26":1,"27":18,"28":18,"29":18,"30":58,"31":18,"32":18,"33":18,"34":18,"35":38,"36":38,"37":38,"38":13,"39":1,"40":12,"41":7,"42":0,"43":7,"44":7,"45":0,"46":7,"47":2,"48":1,"49":1,"50":3,"51":0,"52":3,"53":1,"54":0,"55":1,"56":4,"57":0,"58":4,"59":1,"60":1,"61":19,"62":19,"63":228,"64":19,"65":218,"66":19,"67":1,"68":22,"69":3,"70":19,"71":19,"72":1,"73":18,"74":15,"75":15,"76":15,"77":35,"78":35,"79":35,"80":24,"81":11,"82":1,"83":10,"84":14,"85":1,"86":18,"87":2,"88":16,"89":2,"90":14,"91":14,"92":14,"93":14,"94":14,"95":42,"96":14,"97":1},"f":{"0":86,"1":27,"2":18,"3":58,"4":19,"5":228,"6":218,"7":22,"8":18},"b":{"0":[29,11,13,3,10,2,18,0],"1":[5,80],"2":[15,5],"3":[11,4],"4":[1,26],"5":[58,38],"6":[13,7,7,2,3,1,4,1],"7":[1,12],"8":[0,7],"9":[0,7],"10":[1,1],"11":[0,3],"12":[0,1],"13":[0,4],"14":[3,19],"15":[22,19],"16":[1,18],"17":[24,11],"18":[1,10],"19":[11,10,10],"20":[2,16],"21":[18,16],"22":[2,14],"23":[16,15],"24":[42,22]},"_coverageSchema":"1a1c01bbd47fc00a2c39e90264f33305004495a9","hash":"c8d6971c33114d15925c8e0dbb80621c69b440b7"}
}
