{"C:\\Users\\Laboratoria\\Documents\\GitHub\\REG003-roman-numerals\\src\\numberRoman.js": {"path":"C:\\Users\\Laboratoria\\Documents\\GitHub\\REG003-roman-numerals\\src\\numberRoman.js","statementMap":{"0":{"start":{"line":1,"column":29},"end":{"line":12,"column":1}},"1":{"start":{"line":2,"column":4},"end":{"line":11,"column":5}},"2":{"start":{"line":3,"column":19},"end":{"line":3,"column":28}},"3":{"start":{"line":4,"column":19},"end":{"line":4,"column":28}},"4":{"start":{"line":5,"column":19},"end":{"line":5,"column":29}},"5":{"start":{"line":6,"column":19},"end":{"line":6,"column":29}},"6":{"start":{"line":7,"column":19},"end":{"line":7,"column":30}},"7":{"start":{"line":8,"column":19},"end":{"line":8,"column":30}},"8":{"start":{"line":9,"column":19},"end":{"line":9,"column":31}},"9":{"start":{"line":10,"column":17},"end":{"line":10,"column":27}},"10":{"start":{"line":14,"column":23},"end":{"line":37,"column":1}},"11":{"start":{"line":15,"column":23},"end":{"line":15,"column":33}},"12":{"start":{"line":16,"column":17},"end":{"line":16,"column":19}},"13":{"start":{"line":17,"column":4},"end":{"line":19,"column":7}},"14":{"start":{"line":18,"column":8},"end":{"line":18,"column":41}},"15":{"start":{"line":20,"column":14},"end":{"line":20,"column":33}},"16":{"start":{"line":21,"column":16},"end":{"line":21,"column":37}},"17":{"start":{"line":22,"column":4},"end":{"line":36,"column":5}},"18":{"start":{"line":22,"column":17},"end":{"line":22,"column":18}},"19":{"start":{"line":23,"column":24},"end":{"line":23,"column":30}},"20":{"start":{"line":24,"column":21},"end":{"line":24,"column":61}},"21":{"start":{"line":25,"column":27},"end":{"line":25,"column":75}},"22":{"start":{"line":26,"column":8},"end":{"line":35,"column":9}},"23":{"start":{"line":27,"column":22},"end":{"line":27,"column":84}},"24":{"start":{"line":27,"column":42},"end":{"line":27,"column":83}},"25":{"start":{"line":27,"column":85},"end":{"line":27,"column":91}},"26":{"start":{"line":28,"column":22},"end":{"line":28,"column":124}},"27":{"start":{"line":28,"column":42},"end":{"line":28,"column":123}},"28":{"start":{"line":28,"column":125},"end":{"line":28,"column":131}},"29":{"start":{"line":29,"column":22},"end":{"line":29,"column":84}},"30":{"start":{"line":29,"column":42},"end":{"line":29,"column":83}},"31":{"start":{"line":29,"column":85},"end":{"line":29,"column":91}},"32":{"start":{"line":30,"column":22},"end":{"line":30,"column":124}},"33":{"start":{"line":30,"column":42},"end":{"line":30,"column":123}},"34":{"start":{"line":30,"column":125},"end":{"line":30,"column":131}},"35":{"start":{"line":31,"column":22},"end":{"line":31,"column":84}},"36":{"start":{"line":31,"column":42},"end":{"line":31,"column":83}},"37":{"start":{"line":31,"column":85},"end":{"line":31,"column":91}},"38":{"start":{"line":32,"column":22},"end":{"line":32,"column":124}},"39":{"start":{"line":32,"column":42},"end":{"line":32,"column":123}},"40":{"start":{"line":32,"column":125},"end":{"line":32,"column":131}},"41":{"start":{"line":33,"column":22},"end":{"line":33,"column":84}},"42":{"start":{"line":33,"column":42},"end":{"line":33,"column":83}},"43":{"start":{"line":33,"column":85},"end":{"line":33,"column":91}},"44":{"start":{"line":34,"column":21},"end":{"line":34,"column":66}},"45":{"start":{"line":39,"column":24},"end":{"line":44,"column":3}},"46":{"start":{"line":40,"column":19},"end":{"line":40,"column":97}},"47":{"start":{"line":41,"column":18},"end":{"line":41,"column":53}},"48":{"start":{"line":41,"column":36},"end":{"line":41,"column":52}},"49":{"start":{"line":42,"column":18},"end":{"line":42,"column":43}},"50":{"start":{"line":42,"column":37},"end":{"line":42,"column":42}},"51":{"start":{"line":43,"column":4},"end":{"line":43,"column":17}},"52":{"start":{"line":47,"column":14},"end":{"line":84,"column":1}},"53":{"start":{"line":48,"column":4},"end":{"line":48,"column":71}},"54":{"start":{"line":48,"column":35},"end":{"line":48,"column":71}},"55":{"start":{"line":49,"column":4},"end":{"line":51,"column":7}},"56":{"start":{"line":50,"column":8},"end":{"line":50,"column":41}},"57":{"start":{"line":52,"column":4},"end":{"line":52,"column":25}},"58":{"start":{"line":54,"column":17},"end":{"line":54,"column":54}},"59":{"start":{"line":59,"column":4},"end":{"line":82,"column":5}},"60":{"start":{"line":59,"column":17},"end":{"line":59,"column":18}},"61":{"start":{"line":60,"column":8},"end":{"line":60,"column":56}},"62":{"start":{"line":61,"column":8},"end":{"line":61,"column":59}},"63":{"start":{"line":62,"column":8},"end":{"line":62,"column":55}},"64":{"start":{"line":64,"column":8},"end":{"line":81,"column":9}},"65":{"start":{"line":74,"column":12},"end":{"line":74,"column":30}},"66":{"start":{"line":76,"column":12},"end":{"line":76,"column":64}},"67":{"start":{"line":77,"column":12},"end":{"line":79,"column":13}},"68":{"start":{"line":78,"column":16},"end":{"line":78,"column":89}},"69":{"start":{"line":80,"column":12},"end":{"line":80,"column":53}},"70":{"start":{"line":83,"column":4},"end":{"line":83,"column":18}},"71":{"start":{"line":86,"column":18},"end":{"line":103,"column":1}},"72":{"start":{"line":87,"column":4},"end":{"line":91,"column":5}},"73":{"start":{"line":88,"column":8},"end":{"line":88,"column":44}},"74":{"start":{"line":89,"column":11},"end":{"line":91,"column":5}},"75":{"start":{"line":90,"column":8},"end":{"line":90,"column":44}},"76":{"start":{"line":93,"column":19},"end":{"line":93,"column":170}},"77":{"start":{"line":95,"column":18},"end":{"line":95,"column":42}},"78":{"start":{"line":96,"column":17},"end":{"line":96,"column":19}},"79":{"start":{"line":97,"column":12},"end":{"line":97,"column":13}},"80":{"start":{"line":99,"column":4},"end":{"line":101,"column":5}},"81":{"start":{"line":100,"column":8},"end":{"line":100,"column":68}},"82":{"start":{"line":102,"column":4},"end":{"line":102,"column":59}},"83":{"start":{"line":105,"column":0},"end":{"line":109,"column":1}}},"fnMap":{"0":{"name":"(anonymous_0)","decl":{"start":{"line":1,"column":29},"end":{"line":1,"column":30}},"loc":{"start":{"line":1,"column":40},"end":{"line":12,"column":1}},"line":1},"1":{"name":"(anonymous_1)","decl":{"start":{"line":14,"column":23},"end":{"line":14,"column":24}},"loc":{"start":{"line":14,"column":34},"end":{"line":37,"column":1}},"line":14},"2":{"name":"(anonymous_2)","decl":{"start":{"line":17,"column":23},"end":{"line":17,"column":24}},"loc":{"start":{"line":17,"column":34},"end":{"line":19,"column":5}},"line":17},"3":{"name":"(anonymous_3)","decl":{"start":{"line":39,"column":24},"end":{"line":39,"column":25}},"loc":{"start":{"line":39,"column":35},"end":{"line":44,"column":3}},"line":39},"4":{"name":"(anonymous_4)","decl":{"start":{"line":41,"column":29},"end":{"line":41,"column":30}},"loc":{"start":{"line":41,"column":36},"end":{"line":41,"column":52}},"line":41},"5":{"name":"(anonymous_5)","decl":{"start":{"line":42,"column":30},"end":{"line":42,"column":31}},"loc":{"start":{"line":42,"column":37},"end":{"line":42,"column":42}},"line":42},"6":{"name":"(anonymous_6)","decl":{"start":{"line":47,"column":14},"end":{"line":47,"column":15}},"loc":{"start":{"line":47,"column":25},"end":{"line":84,"column":1}},"line":47},"7":{"name":"(anonymous_7)","decl":{"start":{"line":86,"column":18},"end":{"line":86,"column":19}},"loc":{"start":{"line":86,"column":30},"end":{"line":103,"column":1}},"line":86}},"branchMap":{"0":{"loc":{"start":{"line":2,"column":4},"end":{"line":11,"column":5}},"type":"switch","locations":[{"start":{"line":3,"column":8},"end":{"line":3,"column":28}},{"start":{"line":4,"column":8},"end":{"line":4,"column":28}},{"start":{"line":5,"column":8},"end":{"line":5,"column":29}},{"start":{"line":6,"column":8},"end":{"line":6,"column":29}},{"start":{"line":7,"column":8},"end":{"line":7,"column":30}},{"start":{"line":8,"column":8},"end":{"line":8,"column":30}},{"start":{"line":9,"column":8},"end":{"line":9,"column":31}},{"start":{"line":10,"column":8},"end":{"line":10,"column":27}}],"line":2},"1":{"loc":{"start":{"line":18,"column":21},"end":{"line":18,"column":35}},"type":"binary-expr","locations":[{"start":{"line":18,"column":21},"end":{"line":18,"column":30}},{"start":{"line":18,"column":34},"end":{"line":18,"column":35}}],"line":18},"2":{"loc":{"start":{"line":26,"column":8},"end":{"line":35,"column":9}},"type":"switch","locations":[{"start":{"line":27,"column":12},"end":{"line":27,"column":91}},{"start":{"line":28,"column":12},"end":{"line":28,"column":131}},{"start":{"line":29,"column":12},"end":{"line":29,"column":91}},{"start":{"line":30,"column":12},"end":{"line":30,"column":131}},{"start":{"line":31,"column":12},"end":{"line":31,"column":91}},{"start":{"line":32,"column":12},"end":{"line":32,"column":131}},{"start":{"line":33,"column":12},"end":{"line":33,"column":91}},{"start":{"line":34,"column":12},"end":{"line":34,"column":66}}],"line":26},"3":{"loc":{"start":{"line":27,"column":22},"end":{"line":27,"column":84}},"type":"if","locations":[{"start":{"line":27,"column":22},"end":{"line":27,"column":84}},{"start":{"line":27,"column":22},"end":{"line":27,"column":84}}],"line":27},"4":{"loc":{"start":{"line":28,"column":22},"end":{"line":28,"column":124}},"type":"if","locations":[{"start":{"line":28,"column":22},"end":{"line":28,"column":124}},{"start":{"line":28,"column":22},"end":{"line":28,"column":124}}],"line":28},"5":{"loc":{"start":{"line":29,"column":22},"end":{"line":29,"column":84}},"type":"if","locations":[{"start":{"line":29,"column":22},"end":{"line":29,"column":84}},{"start":{"line":29,"column":22},"end":{"line":29,"column":84}}],"line":29},"6":{"loc":{"start":{"line":30,"column":22},"end":{"line":30,"column":124}},"type":"if","locations":[{"start":{"line":30,"column":22},"end":{"line":30,"column":124}},{"start":{"line":30,"column":22},"end":{"line":30,"column":124}}],"line":30},"7":{"loc":{"start":{"line":31,"column":22},"end":{"line":31,"column":84}},"type":"if","locations":[{"start":{"line":31,"column":22},"end":{"line":31,"column":84}},{"start":{"line":31,"column":22},"end":{"line":31,"column":84}}],"line":31},"8":{"loc":{"start":{"line":32,"column":22},"end":{"line":32,"column":124}},"type":"if","locations":[{"start":{"line":32,"column":22},"end":{"line":32,"column":124}},{"start":{"line":32,"column":22},"end":{"line":32,"column":124}}],"line":32},"9":{"loc":{"start":{"line":33,"column":22},"end":{"line":33,"column":84}},"type":"if","locations":[{"start":{"line":33,"column":22},"end":{"line":33,"column":84}},{"start":{"line":33,"column":22},"end":{"line":33,"column":84}}],"line":33},"10":{"loc":{"start":{"line":48,"column":4},"end":{"line":48,"column":71}},"type":"if","locations":[{"start":{"line":48,"column":4},"end":{"line":48,"column":71}},{"start":{"line":48,"column":4},"end":{"line":48,"column":71}}],"line":48},"11":{"loc":{"start":{"line":49,"column":4},"end":{"line":51,"column":7}},"type":"if","locations":[{"start":{"line":49,"column":4},"end":{"line":51,"column":7}},{"start":{"line":49,"column":4},"end":{"line":51,"column":7}}],"line":49},"12":{"loc":{"start":{"line":64,"column":8},"end":{"line":81,"column":9}},"type":"if","locations":[{"start":{"line":64,"column":8},"end":{"line":81,"column":9}},{"start":{"line":64,"column":8},"end":{"line":81,"column":9}}],"line":64},"13":{"loc":{"start":{"line":77,"column":12},"end":{"line":79,"column":13}},"type":"if","locations":[{"start":{"line":77,"column":12},"end":{"line":79,"column":13}},{"start":{"line":77,"column":12},"end":{"line":79,"column":13}}],"line":77},"14":{"loc":{"start":{"line":77,"column":16},"end":{"line":77,"column":69}},"type":"binary-expr","locations":[{"start":{"line":77,"column":16},"end":{"line":77,"column":30}},{"start":{"line":77,"column":34},"end":{"line":77,"column":49}},{"start":{"line":77,"column":53},"end":{"line":77,"column":69}}],"line":77},"15":{"loc":{"start":{"line":87,"column":4},"end":{"line":91,"column":5}},"type":"if","locations":[{"start":{"line":87,"column":4},"end":{"line":91,"column":5}},{"start":{"line":87,"column":4},"end":{"line":91,"column":5}}],"line":87},"16":{"loc":{"start":{"line":87,"column":8},"end":{"line":87,"column":62}},"type":"binary-expr","locations":[{"start":{"line":87,"column":8},"end":{"line":87,"column":33}},{"start":{"line":87,"column":37},"end":{"line":87,"column":62}}],"line":87},"17":{"loc":{"start":{"line":89,"column":11},"end":{"line":91,"column":5}},"type":"if","locations":[{"start":{"line":89,"column":11},"end":{"line":91,"column":5}},{"start":{"line":89,"column":11},"end":{"line":91,"column":5}}],"line":89},"18":{"loc":{"start":{"line":89,"column":15},"end":{"line":89,"column":42}},"type":"binary-expr","locations":[{"start":{"line":89,"column":15},"end":{"line":89,"column":25}},{"start":{"line":89,"column":29},"end":{"line":89,"column":42}}],"line":89},"19":{"loc":{"start":{"line":100,"column":18},"end":{"line":100,"column":57}},"type":"binary-expr","locations":[{"start":{"line":100,"column":18},"end":{"line":100,"column":51}},{"start":{"line":100,"column":55},"end":{"line":100,"column":57}}],"line":100}},"s":{"0":1,"1":96,"2":34,"3":12,"4":14,"5":4,"6":7,"7":3,"8":11,"9":11,"10":1,"11":18,"12":18,"13":18,"14":58,"15":18,"16":18,"17":18,"18":18,"19":35,"20":35,"21":35,"22":35,"23":12,"24":1,"25":11,"26":7,"27":0,"28":7,"29":6,"30":0,"31":6,"32":2,"33":1,"34":1,"35":2,"36":0,"37":2,"38":1,"39":0,"40":1,"41":4,"42":1,"43":3,"44":1,"45":1,"46":19,"47":19,"48":228,"49":19,"50":218,"51":19,"52":1,"53":22,"54":3,"55":19,"56":1,"57":18,"58":14,"59":14,"60":14,"61":27,"62":27,"63":27,"64":27,"65":19,"66":8,"67":8,"68":1,"69":7,"70":13,"71":1,"72":18,"73":2,"74":16,"75":2,"76":14,"77":14,"78":14,"79":14,"80":14,"81":42,"82":14,"83":1},"f":{"0":96,"1":18,"2":58,"3":19,"4":228,"5":218,"6":22,"7":18},"b":{"0":[34,12,14,4,7,3,11,11],"1":[58,38],"2":[12,7,6,2,2,1,4,1],"3":[1,11],"4":[0,7],"5":[0,6],"6":[1,1],"7":[0,2],"8":[0,1],"9":[1,3],"10":[3,19],"11":[1,18],"12":[19,8],"13":[1,7],"14":[8,7,7],"15":[2,16],"16":[18,16],"17":[2,14],"18":[16,15],"19":[42,22]},"_coverageSchema":"1a1c01bbd47fc00a2c39e90264f33305004495a9","hash":"9f7c0f0e7214436af26972da7899834e7be50142"}
}
