TN:
SF:src\parse.js
FN:1,(anonymous_0)
FN:14,(anonymous_1)
FN:17,(anonymous_2)
FN:38,(anonymous_3)
FN:61,(anonymous_4)
FNF:5
FNH:5
FNDA:80,(anonymous_0)
FNDA:19,(anonymous_1)
FNDA:64,(anonymous_2)
FNDA:22,(anonymous_3)
FNDA:18,(anonymous_4)
DA:1,1
DA:2,80
DA:3,33
DA:4,11
DA:5,13
DA:6,5
DA:7,6
DA:8,2
DA:9,10
DA:10,0
DA:14,1
DA:15,19
DA:16,19
DA:17,19
DA:18,64
DA:20,19
DA:21,19
DA:22,19
DA:23,38
DA:25,38
DA:26,13
DA:27,7
DA:28,7
DA:29,3
DA:30,2
DA:31,1
DA:32,4
DA:33,1
DA:38,1
DA:39,22
DA:40,3
DA:43,19
DA:45,15
DA:49,15
DA:50,32
DA:51,32
DA:52,32
DA:53,23
DA:55,9
DA:58,15
DA:61,1
DA:62,18
DA:63,2
DA:64,16
DA:65,2
DA:68,14
DA:70,14
DA:71,14
DA:72,14
DA:74,14
DA:75,42
DA:77,14
DA:80,1
LF:53
LH:52
BRDA:2,0,0,33
BRDA:2,0,1,11
BRDA:2,0,2,13
BRDA:2,0,3,5
BRDA:2,0,4,6
BRDA:2,0,5,2
BRDA:2,0,6,10
BRDA:2,0,7,0
BRDA:18,1,0,64
BRDA:18,1,1,41
BRDA:25,2,0,13
BRDA:25,2,1,7
BRDA:25,2,2,7
BRDA:25,2,3,3
BRDA:25,2,4,2
BRDA:25,2,5,1
BRDA:25,2,6,4
BRDA:25,2,7,1
BRDA:26,3,0,1
BRDA:26,3,1,12
BRDA:27,4,0,0
BRDA:27,4,1,7
BRDA:28,5,0,0
BRDA:28,5,1,7
BRDA:29,6,0,1
BRDA:29,6,1,2
BRDA:30,7,0,0
BRDA:30,7,1,2
BRDA:31,8,0,0
BRDA:31,8,1,1
BRDA:32,9,0,1
BRDA:32,9,1,3
BRDA:39,10,0,3
BRDA:39,10,1,19
BRDA:52,11,0,23
BRDA:52,11,1,9
BRDA:62,12,0,2
BRDA:62,12,1,16
BRDA:62,13,0,18
BRDA:62,13,1,16
BRDA:64,14,0,2
BRDA:64,14,1,14
BRDA:64,15,0,16
BRDA:64,15,1,15
BRDA:75,16,0,42
BRDA:75,16,1,22
BRF:46
BRH:41
end_of_record
