TN:
SF:src\api.js
FN:1,(anonymous_0)
FN:14,(anonymous_1)
FN:36,(anonymous_2)
FN:39,(anonymous_3)
FN:60,(anonymous_4)
FN:62,(anonymous_5)
FN:63,(anonymous_6)
FN:67,(anonymous_7)
FN:94,(anonymous_8)
FNF:9
FNH:9
FNDA:86,(anonymous_0)
FNDA:27,(anonymous_1)
FNDA:18,(anonymous_2)
FNDA:58,(anonymous_3)
FNDA:19,(anonymous_4)
FNDA:228,(anonymous_5)
FNDA:218,(anonymous_6)
FNDA:22,(anonymous_7)
FNDA:18,(anonymous_8)
DA:1,1
DA:2,86
DA:3,29
DA:4,11
DA:5,13
DA:6,3
DA:7,10
DA:8,2
DA:9,18
DA:10,0
DA:14,1
DA:15,27
DA:16,27
DA:17,85
DA:18,5
DA:19,5
DA:20,20
DA:21,20
DA:25,27
DA:26,27
DA:27,27
DA:28,15
DA:30,27
DA:31,1
DA:33,26
DA:36,1
DA:37,18
DA:38,18
DA:39,18
DA:40,58
DA:42,18
DA:43,18
DA:44,18
DA:45,38
DA:46,38
DA:47,38
DA:48,13
DA:49,7
DA:50,7
DA:51,2
DA:52,3
DA:53,1
DA:54,4
DA:55,1
DA:60,1
DA:61,19
DA:62,228
DA:63,218
DA:64,19
DA:67,1
DA:68,22
DA:69,19
DA:70,19
DA:71,1
DA:73,18
DA:75,15
DA:79,15
DA:80,35
DA:81,35
DA:82,35
DA:83,24
DA:85,11
DA:86,1
DA:88,10
DA:91,14
DA:94,1
DA:95,18
DA:96,2
DA:97,16
DA:98,2
DA:101,14
DA:103,14
DA:104,14
DA:105,14
DA:107,14
DA:108,42
DA:110,14
DA:113,1
LF:78
LH:77
BRDA:2,0,0,29
BRDA:2,0,1,11
BRDA:2,0,2,13
BRDA:2,0,3,3
BRDA:2,0,4,10
BRDA:2,0,5,2
BRDA:2,0,6,18
BRDA:2,0,7,0
BRDA:17,1,0,5
BRDA:17,1,1,80
BRDA:21,2,0,15
BRDA:21,2,1,5
BRDA:28,3,0,11
BRDA:28,3,1,4
BRDA:30,4,0,1
BRDA:30,4,1,26
BRDA:40,5,0,58
BRDA:40,5,1,38
BRDA:47,6,0,13
BRDA:47,6,1,7
BRDA:47,6,2,7
BRDA:47,6,3,2
BRDA:47,6,4,3
BRDA:47,6,5,1
BRDA:47,6,6,4
BRDA:47,6,7,1
BRDA:48,7,0,1
BRDA:48,7,1,12
BRDA:49,8,0,0
BRDA:49,8,1,7
BRDA:50,9,0,0
BRDA:50,9,1,7
BRDA:51,10,0,1
BRDA:51,10,1,1
BRDA:52,11,0,0
BRDA:52,11,1,3
BRDA:53,12,0,0
BRDA:53,12,1,1
BRDA:54,13,0,0
BRDA:54,13,1,4
BRDA:68,14,0,3
BRDA:68,14,1,19
BRDA:68,15,0,22
BRDA:68,15,1,19
BRDA:70,16,0,1
BRDA:70,16,1,18
BRDA:82,17,0,24
BRDA:82,17,1,11
BRDA:85,18,0,1
BRDA:85,18,1,10
BRDA:85,19,0,11
BRDA:85,19,1,10
BRDA:85,19,2,10
BRDA:95,20,0,2
BRDA:95,20,1,16
BRDA:95,21,0,18
BRDA:95,21,1,16
BRDA:97,22,0,2
BRDA:97,22,1,14
BRDA:97,23,0,16
BRDA:97,23,1,15
BRDA:108,24,0,42
BRDA:108,24,1,22
BRF:63
BRH:57
end_of_record
